[01m[K/home/sitl1/sitl_ws/src/fiducials/aruco_detect/src/aruco_detect.cpp:[m[K In function ‘[01m[Kcv::aruco::PREDEFINED_DICTIONARY_NAME getDictionaryId(const string&)[m[K’:
[01m[K/home/sitl1/sitl_ws/src/fiducials/aruco_detect/src/aruco_detect.cpp:119:23:[m[K [01;31m[Kerror: [m[K‘[01m[Kunordered_map[m[K’ in namespace ‘[01m[Kstd[m[K’ does not name a template type
  119 |     static const std::[01;31m[Kunordered_map[m[K<std::string, cv::aruco::PREDEFINED_DICTIONARY_NAME> dictionaryMap = {
      |                       [01;31m[K^~~~~~~~~~~~~[m[K
[01m[K/home/sitl1/sitl_ws/src/fiducials/aruco_detect/src/aruco_detect.cpp:39:1:[m[K [01;36m[Knote: [m[K‘[01m[Kstd::unordered_map[m[K’ is defined in header ‘[01m[K<unordered_map>[m[K’; did you forget to ‘[01m[K#include <unordered_map>[m[K’?
   38 | #include <boost/algorithm/string.hpp>
  +++ |+[32m[K#include <unordered_map>[m[K
   39 | #include <boost/shared_ptr.hpp>
[01m[K/home/sitl1/sitl_ws/src/fiducials/aruco_detect/src/aruco_detect.cpp:143:15:[m[K [01;31m[Kerror: [m[K‘[01m[KdictionaryMap[m[K’ was not declared in this scope; did you mean ‘[01m[KdictionaryIdStr[m[K’?
  143 |     auto it = [01;31m[KdictionaryMap[m[K.find(dictionaryIdStr);
      |               [01;31m[K^~~~~~~~~~~~~[m[K
      |               [32m[KdictionaryIdStr[m[K
[01m[K/home/sitl1/sitl_ws/src/fiducials/aruco_detect/src/aruco_detect.cpp:[m[K In member function ‘[01m[Kvoid FiducialsNode::configCallback(aruco_detect::DetectorParamsConfig&, uint32_t)[m[K’:
[01m[K/home/sitl1/sitl_ws/src/fiducials/aruco_detect/src/aruco_detect.cpp:259:21:[m[K [01;31m[Kerror: [m[K‘[01m[Kstruct cv::aruco::DetectorParameters[m[K’ has no member named ‘[01m[KdoCornerRefinement[m[K’
  259 |     detectorParams->[01;31m[KdoCornerRefinement[m[K = config.doCornerRefinement;
      |                     [01;31m[K^~~~~~~~~~~~~~~~~~[m[K
[01m[K/home/sitl1/sitl_ws/src/fiducials/aruco_detect/src/aruco_detect.cpp:[m[K In member function ‘[01m[Kvoid FiducialsNode::imageCallback(const ImageConstPtr&)[m[K’:
[01m[K/home/sitl1/sitl_ws/src/fiducials/aruco_detect/src/aruco_detect.cpp:294:100:[m[K [01;31m[Kerror: [m[Kcannot bind non-const lvalue reference of type ‘[01m[Kstd::vector<double>&[m[K’ to an rvalue of type ‘[01m[Kstd::vector<double>[m[K’
  294 |         estimatePoseSingleMarkers(fiducial_len, cameraMatrix, distortionCoeffs, rvecs, tvecs, std::[01;31m[Kvector<double>()[m[K);
      |                                                                                                    [01;31m[K^~~~~~~~~~~~~~~~[m[K
[01m[K/home/sitl1/sitl_ws/src/fiducials/aruco_detect/src/aruco_detect.cpp:100:52:[m[K [01;36m[Knote: [m[K  initializing argument 6 of ‘[01m[Kvoid FiducialsNode::estimatePoseSingleMarkers(float, const cv::Mat&, const cv::Mat&, std::vector<cv::Vec<double, 3> >&, std::vector<cv::Vec<double, 3> >&, std::vector<double>&)[m[K’
  100 |                                    [01;36m[Kvector<double>& reprojectionError[m[K);
      |                                    [01;36m[K~~~~~~~~~~~~~~~~^~~~~~~~~~~~~~~~~[m[K
[01m[K/home/sitl1/sitl_ws/src/fiducials/aruco_detect/src/aruco_detect.cpp:334:80:[m[K [01;31m[Kerror: [m[K‘[01m[Krvecs[m[K’ was not declared in this scope
  334 |             cv::aruco::drawAxis(cv_ptr->image, cameraMatrix, distortionCoeffs, [01;31m[Krvecs[m[K[i], tvecs[i], 0.1);
      |                                                                                [01;31m[K^~~~~[m[K
[01m[K/home/sitl1/sitl_ws/src/fiducials/aruco_detect/src/aruco_detect.cpp:334:90:[m[K [01;31m[Kerror: [m[K‘[01m[Ktvecs[m[K’ was not declared in this scope
  334 |             cv::aruco::drawAxis(cv_ptr->image, cameraMatrix, distortionCoeffs, rvecs[i], [01;31m[Ktvecs[m[K[i], 0.1);
      |                                                                                          [01;31m[K^~~~~[m[K
make[2]: *** [CMakeFiles/aruco_detect.dir/build.make:63: CMakeFiles/aruco_detect.dir/src/aruco_detect.cpp.o] Error 1
make[1]: *** [CMakeFiles/Makefile2:579: CMakeFiles/aruco_detect.dir/all] Error 2
make: *** [Makefile:141: all] Error 2
