[01m[K/home/sitl1/sitl_ws/src/fiducials/aruco_detect/src/aruco_detect.cpp:[m[K In constructor ‘[01m[KFiducialsNode::FiducialsNode()[m[K’:
[01m[K/home/sitl1/sitl_ws/src/fiducials/aruco_detect/src/aruco_detect.cpp:280:35:[m[K [01;31m[Kerror: [m[Kinvalid cast from type ‘[01m[Kstd::string[m[K’ {aka ‘[01m[Kstd::__cxx11::basic_string<char>[m[K’} to type ‘[01m[Kcv::aruco::PREDEFINED_DICTIONARY_NAME[m[K’
  280 |                       dictionaryId[01;31m[K)[m[K);
      |                                   [01;31m[K^[m[K
[01m[K/home/sitl1/sitl_ws/src/fiducials/aruco_detect/src/aruco_detect.cpp:[m[K At global scope:
[01m[K/home/sitl1/sitl_ws/src/fiducials/aruco_detect/src/aruco_detect.cpp:493:36:[m[K [01;31m[Kerror: [m[Kvariable or field ‘[01m[KconfigCallback[m[K’ declared void
  493 | void FiducialsNode::configCallback([01;31m[Kfiducials[m[K::FiducialsConfig &config, uint32_t level) {
      |                                    [01;31m[K^~~~~~~~~[m[K
[01m[K/home/sitl1/sitl_ws/src/fiducials/aruco_detect/src/aruco_detect.cpp:493:36:[m[K [01;31m[Kerror: [m[K‘[01m[Kfiducials[m[K’ has not been declared
[01m[K/home/sitl1/sitl_ws/src/fiducials/aruco_detect/src/aruco_detect.cpp:493:64:[m[K [01;31m[Kerror: [m[K‘[01m[Kconfig[m[K’ was not declared in this scope
  493 | void FiducialsNode::configCallback(fiducials::FiducialsConfig &[01;31m[Kconfig[m[K, uint32_t level) {
      |                                                                [01;31m[K^~~~~~[m[K
[01m[K/home/sitl1/sitl_ws/src/fiducials/aruco_detect/src/aruco_detect.cpp:493:81:[m[K [01;31m[Kerror: [m[Kexpected primary-expression before ‘[01m[Klevel[m[K’
  493 | void FiducialsNode::configCallback(fiducials::FiducialsConfig &config, uint32_t [01;31m[Klevel[m[K) {
      |                                                                                 [01;31m[K^~~~~[m[K
[01m[K/home/sitl1/sitl_ws/src/fiducials/aruco_detect/src/aruco_detect.cpp:519:1:[m[K [01;31m[Kerror: [m[Kexpected declaration before ‘[01m[K}[m[K’ token
  519 | [01;31m[K}[m[K // namespace fiducials
      | [01;31m[K^[m[K
[01m[K/home/sitl1/sitl_ws/src/fiducials/aruco_detect/src/aruco_detect.cpp:[m[K In function ‘[01m[Kint main(int, char**)[m[K’:
[01m[K/home/sitl1/sitl_ws/src/fiducials/aruco_detect/src/aruco_detect.cpp:523:5:[m[K [01;31m[Kerror: [m[K‘[01m[Kfiducials[m[K’ has not been declared
  523 |     [01;31m[Kfiducials[m[K::FiducialsNode node;
      |     [01;31m[K^~~~~~~~~[m[K
make[2]: *** [CMakeFiles/aruco_detect.dir/build.make:63: CMakeFiles/aruco_detect.dir/src/aruco_detect.cpp.o] Error 1
make[1]: *** [CMakeFiles/Makefile2:579: CMakeFiles/aruco_detect.dir/all] Error 2
make: *** [Makefile:141: all] Error 2
